*********************************28-04-2020 10:18:32*********************************
[FECHA] : 28-04-2020 - [HORA] : 10:18:32 - [conversationID] : 1234eyx328 - [Accion] : /message 
 [STATUS] : 200 - [Resultado] : 
{ context: { agent: false, callback: false, video: false },
  action: { type: 'transfer', queue: 'HN_Wa_Movil' },
  messages: [],
  additionalInfo: { key: 'RUT', RUT: '1-9' } }
****************************[DATOS DE ENTRADA]****************************
[apiVersion] : 1.0 	 [conversationID] : 1234eyx328 	 [authToken] :  dsrdsfrxw934df	 [channel] : messenger
 
*********************************28-04-2020 10:24:21*********************************
[FECHA] : 28-04-2020 - [HORA] : 10:24:21 - [conversationID] : 50370691381 - [Accion] : /message 
 [STATUS] : 200 - [Resultado] : 
{ context: { agent: false, callback: false, video: false },
  action: { type: 'continue', queue: undefined },
  messages: 
   [ { type: undefined,
       text: '¡Hola! $cr Soy tu asistente virtual 🤖 de Claro $cr Te puedo ayudar con las siguientes opciones: $cr $cr ➡️ Envía *recarga* para hacer una recarga. $cr $cr ➡️ Envía *paquete* para comprar un paquete. $cr $cr ➡️ Envía *pagar* para ver el saldo, fecha de vencimiento y pagar tu factura móvil y residencial. 💳 $cr $cr ➡️ Envía *marcaciones* para conocer los pasos a seguir para los tramites a través de marcaciones 📱. $cr $cr ➡️ Envía *configuración* para conocer los pasos a seguir si tienes inconvenientes con tu navegación 📱. $cr $cr ➡️ Envía *club* para conocer los establecimientos con promociones especiales solo por ser cliente Claro. 😎 💰 $cr $cr ➡️ Envía *asesor* si aún deseas ser atendido por uno de nuestros agentes de servicio al cliente o ventas. 👩💻👨💻 $cr $cr ',
       mediaURL: undefined } ],
  additionalInfo: { key: 'RUT', RUT: '1-9' } }
****************************[DATOS DE ENTRADA]****************************
[apiVersion] : 1.0 	 [conversationID] : 50370691381 	 [authToken] :  1	 [channel] : onemarketer
 
*********************************28-04-2020 10:25:36*********************************
[FECHA] : 28-04-2020 - [HORA] : 10:25:36 - [conversationID] : 50370691381 - [Accion] : /message 
 [STATUS] : 200 - [Resultado] : 
{ context: { agent: false, callback: false, video: false },
  action: { type: 'transfer', queue: 'HN_Wa_Movil' },
  messages: [],
  additionalInfo: { key: 'RUT', RUT: '1-9' } }
****************************[DATOS DE ENTRADA]****************************
[apiVersion] : 1.0 	 [conversationID] : 50370691381 	 [authToken] :  1	 [channel] : onemarketer
 
*********************************28-04-2020 11:36:18*********************************
[FECHA] : 28-04-2020 - [HORA] : 11:36:18 - [conversationID] : 1234eyx328 - [Accion] : /message 
 [STATUS] : 200 - [Resultado] : 
{ context: { agent: false, callback: false, video: false },
  action: { type: 'continue', queue: undefined },
  messages: 
   [ { type: undefined,
       text: '¡Hola! $cr Soy tu asistente virtual 🤖 de Claro $cr Te puedo ayudar con las siguientes opciones: $cr $cr ➡️ Envía *recarga* para hacer una recarga. $cr $cr ➡️ Envía *paquete* para comprar un paquete. $cr $cr ➡️ Envía *pagar* para ver el saldo, fecha de vencimiento y pagar tu factura móvil y residencial. 💳 $cr $cr ➡️ Envía *marcaciones* para conocer los pasos a seguir para los tramites a través de marcaciones 📱. $cr $cr ➡️ Envía *configuración* para conocer los pasos a seguir si tienes inconvenientes con tu navegación 📱. $cr $cr ➡️ Envía *club* para conocer los establecimientos con promociones especiales solo por ser cliente Claro. 😎 💰 $cr $cr ➡️ Envía *asesor* si aún deseas ser atendido por uno de nuestros agentes de servicio al cliente o ventas. 👩💻👨💻 $cr $cr ',
       mediaURL: undefined } ],
  additionalInfo: { key: 'RUT', RUT: '1-9' } }
****************************[DATOS DE ENTRADA]****************************
[apiVersion] : 1.0 	 [conversationID] : 1234eyx328 	 [authToken] :  dsrdsfrxw934df	 [channel] : messenger
 
*********************************28-04-2020 11:36:34*********************************
[FECHA] : 28-04-2020 - [HORA] : 11:36:34 - [conversationID] : 1234eyx328 - [Accion] : /message 
 [STATUS] : 200 - [Resultado] : 
{ context: { agent: false, callback: false, video: false },
  action: { type: 'transfer', queue: 'WhatsappTest' },
  messages: [],
  additionalInfo: { key: 'RUT', RUT: '1-9' } }
****************************[DATOS DE ENTRADA]****************************
[apiVersion] : 1.0 	 [conversationID] : 1234eyx328 	 [authToken] :  dsrdsfrxw934df	 [channel] : messenger
 
*********************************28-04-2020 11:37:16*********************************
[FECHA] : 28-04-2020 - [HORA] : 11:37:16 - [conversationID] : 50370691381 - [Accion] : /message 
 [STATUS] : 200 - [Resultado] : 
{ context: { agent: false, callback: false, video: false },
  action: { type: 'continue', queue: undefined },
  messages: 
   [ { type: undefined,
       text: '¡Hola! $cr Soy tu asistente virtual 🤖 de Claro $cr Te puedo ayudar con las siguientes opciones: $cr $cr ➡️ Envía *recarga* para hacer una recarga. $cr $cr ➡️ Envía *paquete* para comprar un paquete. $cr $cr ➡️ Envía *pagar* para ver el saldo, fecha de vencimiento y pagar tu factura móvil y residencial. 💳 $cr $cr ➡️ Envía *marcaciones* para conocer los pasos a seguir para los tramites a través de marcaciones 📱. $cr $cr ➡️ Envía *configuración* para conocer los pasos a seguir si tienes inconvenientes con tu navegación 📱. $cr $cr ➡️ Envía *club* para conocer los establecimientos con promociones especiales solo por ser cliente Claro. 😎 💰 $cr $cr ➡️ Envía *asesor* si aún deseas ser atendido por uno de nuestros agentes de servicio al cliente o ventas. 👩💻👨💻 $cr $cr ',
       mediaURL: undefined } ],
  additionalInfo: { key: 'RUT', RUT: '1-9' } }
****************************[DATOS DE ENTRADA]****************************
[apiVersion] : 1.0 	 [conversationID] : 50370691381 	 [authToken] :  1	 [channel] : onemarketer
 
*********************************28-04-2020 11:37:54*********************************
[FECHA] : 28-04-2020 - [HORA] : 11:37:54 - [conversationID] : 50370691381 - [Accion] : /message 
 [STATUS] : 200 - [Resultado] : 
{ context: { agent: false, callback: false, video: false },
  action: { type: 'transfer', queue: 'WhatsappTest' },
  messages: [],
  additionalInfo: { key: 'RUT', RUT: '1-9' } }
****************************[DATOS DE ENTRADA]****************************
[apiVersion] : 1.0 	 [conversationID] : 50370691381 	 [authToken] :  1	 [channel] : onemarketer
 
*********************************28-04-2020 11:51:31*********************************
[FECHA] : 28-04-2020 - [HORA] : 11:51:31 - [conversationID] : 50370691381 - [Accion] : /message 
 [STATUS] : 200 - [Resultado] : 
{ context: { agent: false, callback: false, video: false },
  action: { type: 'continue', queue: undefined },
  messages: 
   [ { type: undefined,
       text: '¡Hola! $cr Soy tu asistente virtual 🤖 de Claro $cr Te puedo ayudar con las siguientes opciones: $cr $cr ➡️ Envía *recarga* para hacer una recarga. $cr $cr ➡️ Envía *paquete* para comprar un paquete. $cr $cr ➡️ Envía *pagar* para ver el saldo, fecha de vencimiento y pagar tu factura móvil y residencial. 💳 $cr $cr ➡️ Envía *marcaciones* para conocer los pasos a seguir para los tramites a través de marcaciones 📱. $cr $cr ➡️ Envía *configuración* para conocer los pasos a seguir si tienes inconvenientes con tu navegación 📱. $cr $cr ➡️ Envía *club* para conocer los establecimientos con promociones especiales solo por ser cliente Claro. 😎 💰 $cr $cr ➡️ Envía *asesor* si aún deseas ser atendido por uno de nuestros agentes de servicio al cliente o ventas. 👩💻👨💻 $cr $cr ',
       mediaURL: undefined } ],
  additionalInfo: { key: 'RUT', RUT: '1-9' } }
****************************[DATOS DE ENTRADA]****************************
[apiVersion] : 1.0 	 [conversationID] : 50370691381 	 [authToken] :  1	 [channel] : onemarketer
 
*********************************28-04-2020 11:51:59*********************************
[FECHA] : 28-04-2020 - [HORA] : 11:51:59 - [conversationID] : 50370691381 - [Accion] : /message 
 [STATUS] : 200 - [Resultado] : 
{ context: { agent: false, callback: false, video: false },
  action: { type: 'transfer', queue: 'WhatsappTest' },
  messages: [],
  additionalInfo: { key: 'RUT', RUT: '1-9' } }
****************************[DATOS DE ENTRADA]****************************
[apiVersion] : 1.0 	 [conversationID] : 50370691381 	 [authToken] :  1	 [channel] : onemarketer
 
*********************************28-04-2020 13:39:20*********************************
[FECHA] : 28-04-2020 - [HORA] : 13:39:20 - [conversationID] : 50370691381 - [Accion] : /message 
 [STATUS] : 200 - [Resultado] : 
{ context: { agent: false, callback: false, video: false },
  action: { type: 'continue', queue: undefined },
  messages: 
   [ { type: undefined,
       text: '¡Hola! $cr Soy tu asistente virtual 🤖 de Claro $cr Te puedo ayudar con las siguientes opciones: $cr $cr ➡️ Envía *recarga* para hacer una recarga. $cr $cr ➡️ Envía *paquete* para comprar un paquete. $cr $cr ➡️ Envía *pagar* para ver el saldo, fecha de vencimiento y pagar tu factura móvil y residencial. 💳 $cr $cr ➡️ Envía *marcaciones* para conocer los pasos a seguir para los tramites a través de marcaciones 📱. $cr $cr ➡️ Envía *configuración* para conocer los pasos a seguir si tienes inconvenientes con tu navegación 📱. $cr $cr ➡️ Envía *club* para conocer los establecimientos con promociones especiales solo por ser cliente Claro. 😎 💰 $cr $cr ➡️ Envía *asesor* si aún deseas ser atendido por uno de nuestros agentes de servicio al cliente o ventas. 👩💻👨💻 $cr $cr ',
       mediaURL: undefined } ],
  additionalInfo: { key: 'RUT', RUT: '1-9' } }
****************************[DATOS DE ENTRADA]****************************
[apiVersion] : 1.0 	 [conversationID] : 50370691381 	 [authToken] :  1	 [channel] : onemarketer
 
*********************************28-04-2020 13:40:01*********************************
[FECHA] : 28-04-2020 - [HORA] : 13:40:01 - [conversationID] : 50370691381 - [Accion] : /message 
 [STATUS] : 200 - [Resultado] : 
{ context: { agent: false, callback: false, video: false },
  action: { type: 'continue', queue: 'WhatsappTest' },
  messages: 
   [ { type: 'text',
       text: 'Estamos en Horario no hábil',
       mediaURL: '' } ],
  additionalInfo: { key: 'RUT', RUT: '1-9' } }
****************************[DATOS DE ENTRADA]****************************
[apiVersion] : 1.0 	 [conversationID] : 50370691381 	 [authToken] :  1	 [channel] : onemarketer
 
*********************************28-04-2020 13:50:09*********************************
[FECHA] : 28-04-2020 - [HORA] : 13:50:09 - [conversationID] : 50370691381 - [Accion] : /message 
 [STATUS] : 200 - [Resultado] : 
{ context: { agent: false, callback: false, video: false },
  action: { type: 'continue', queue: '' },
  messages: 
   [ { type: 'text',
       text: 'Recarga fácil y rápido visitando nuestro portal: https://paquetes.miclaro.com.hn/ 😎',
       mediaURL: '' } ],
  additionalInfo: { key: 'RUT', RUT: '1-9' } }
****************************[DATOS DE ENTRADA]****************************
[apiVersion] : 1.0 	 [conversationID] : 50370691381 	 [authToken] :  1	 [channel] : onemarketer
 
*********************************28-04-2020 13:58:18*********************************
[FECHA] : 28-04-2020 - [HORA] : 13:58:18 - [conversationID] : 50370691381 - [Accion] : /message 
 [STATUS] : 200 - [Resultado] : 
{ context: { agent: false, callback: false, video: false },
  action: { type: 'continue', queue: '' },
  messages: 
   [ { type: 'text',
       text: 'Compra el paquete que prefieras ingresando a https://paquetes.miclaro.com.hn/',
       mediaURL: '' } ],
  additionalInfo: { key: 'RUT', RUT: '1-9' } }
****************************[DATOS DE ENTRADA]****************************
[apiVersion] : 1.0 	 [conversationID] : 50370691381 	 [authToken] :  1	 [channel] : onemarketer
 
*********************************28-04-2020 13:58:46*********************************
[FECHA] : 28-04-2020 - [HORA] : 13:58:46 - [conversationID] : 50370691381 - [Accion] : /message 
 [STATUS] : 200 - [Resultado] : 
{ context: { agent: false, callback: false, video: false },
  action: { type: 'continue', queue: '' },
  messages: 
   [ { type: 'text',
       text: 'Para conocer el saldo, fecha de vencimiento y también poder pagar tu factura móvil y residencial, puedes ingresar al siguiente portal: https://hn.mipagoclaro.com/ 💳🧾',
       mediaURL: '' } ],
  additionalInfo: { key: 'RUT', RUT: '1-9' } }
****************************[DATOS DE ENTRADA]****************************
[apiVersion] : 1.0 	 [conversationID] : 50370691381 	 [authToken] :  1	 [channel] : onemarketer
 
*********************************28-04-2020 14:00:46*********************************
[FECHA] : 28-04-2020 - [HORA] : 14:00:46 - [conversationID] : 50370691381 - [Accion] : /message 
 [STATUS] : 200 - [Resultado] : 
{ context: { agent: false, callback: false, video: false },
  action: { type: 'continue', queue: '' },
  messages: 
   [ { type: 'image',
       text: 'Consulta la imagen para conocer los trámites que puedes realizar a través de marcaciones',
       mediaURL: 'https://menubothn.mybluemix.net/tramitesCortos.png' } ],
  additionalInfo: { key: 'RUT', RUT: '1-9' } }
****************************[DATOS DE ENTRADA]****************************
[apiVersion] : 1.0 	 [conversationID] : 50370691381 	 [authToken] :  1	 [channel] : onemarketer
 
*********************************28-04-2020 14:03:32*********************************
[FECHA] : 28-04-2020 - [HORA] : 14:03:32 - [conversationID] : 50370691381 - [Accion] : /message 
 [STATUS] : 200 - [Resultado] : 
{ context: { agent: false, callback: false, video: false },
  action: { type: 'continue', queue: '' },
  messages: 
   [ { type: 'image',
       text: 'Sigue los pasos detallados en la imagen, si el inconveniente persiste, favor escribe *asesor* para recibir asistencia técnica con uno de nuestros agentes.',
       mediaURL: 'https://menubothn.mybluemix.net/APN.png' } ],
  additionalInfo: { key: 'RUT', RUT: '1-9' } }
****************************[DATOS DE ENTRADA]****************************
[apiVersion] : 1.0 	 [conversationID] : 50370691381 	 [authToken] :  1	 [channel] : onemarketer
 
*********************************28-04-2020 14:04:12*********************************
[FECHA] : 28-04-2020 - [HORA] : 14:04:12 - [conversationID] : 50370691381 - [Accion] : /message 
 [STATUS] : 200 - [Resultado] : 
{ context: { agent: false, callback: false, video: false },
  action: { type: 'continue', queue: 'WhatsappTest' },
  messages: 
   [ { type: 'text',
       text: 'Estamos en Horario no hábil',
       mediaURL: '' } ],
  additionalInfo: { key: 'RUT', RUT: '1-9' } }
****************************[DATOS DE ENTRADA]****************************
[apiVersion] : 1.0 	 [conversationID] : 50370691381 	 [authToken] :  1	 [channel] : onemarketer
 
*********************************28-04-2020 15:12:15*********************************
[FECHA] : 28-04-2020 - [HORA] : 15:12:15 - [conversationID] : 1234eyx328 - [Accion] : /message 
 [STATUS] : 200 - [Resultado] : 
{ context: { agent: false, callback: false, video: false },
  action: { type: 'end', queue: 'WhatsappTest' },
  messages: 
   [ { type: 'text',
       text: 'Estamos en Horario no hábil',
       mediaURL: '' } ],
  additionalInfo: { key: 'RUT', RUT: '1-9' } }
****************************[DATOS DE ENTRADA]****************************
[apiVersion] : 1.0 	 [conversationID] : 1234eyx328 	 [authToken] :  dsrdsfrxw934df	 [channel] : messenger
 
*********************************28-04-2020 15:13:01*********************************
[FECHA] : 28-04-2020 - [HORA] : 15:13:01 - [conversationID] : 1234eyx328 - [Accion] : /message 
 [STATUS] : 200 - [Resultado] : 
{ context: { agent: false, callback: false, video: false },
  action: { type: 'end', queue: '' },
  messages: 
   [ { type: 'text',
       text: 'Estamos en Horario no hábil',
       mediaURL: '' } ],
  additionalInfo: { key: 'RUT', RUT: '1-9' } }
****************************[DATOS DE ENTRADA]****************************
[apiVersion] : 1.0 	 [conversationID] : 1234eyx328 	 [authToken] :  dsrdsfrxw934df	 [channel] : messenger
 
*********************************28-04-2020 15:30:29*********************************
[FECHA] : 28-04-2020 - [HORA] : 15:30:29 - [conversationID] : 50370691381 - [Accion] : /message 
 [STATUS] : 200 - [Resultado] : 
{ context: { agent: false, callback: false, video: false },
  action: { type: 'continue', queue: undefined },
  messages: 
   [ { type: undefined,
       text: '¡Hola! $cr Soy tu asistente virtual 🤖 de Claro $cr Te puedo ayudar con las siguientes opciones: $cr $cr ➡️ Envía *recarga* para hacer una recarga. $cr $cr ➡️ Envía *paquete* para comprar un paquete. $cr $cr ➡️ Envía *pagar* para ver el saldo, fecha de vencimiento y pagar tu factura móvil y residencial. 💳 $cr $cr ➡️ Envía *marcaciones* para conocer los pasos a seguir para los tramites a través de marcaciones 📱. $cr $cr ➡️ Envía *configuración* para conocer los pasos a seguir si tienes inconvenientes con tu navegación 📱. $cr $cr ➡️ Envía *club* para conocer los establecimientos con promociones especiales solo por ser cliente Claro. 😎 💰 $cr $cr ➡️ Envía *asesor* si aún deseas ser atendido por uno de nuestros agentes de servicio al cliente o ventas. 👩💻👨💻 $cr $cr ',
       mediaURL: undefined } ],
  additionalInfo: { key: 'RUT', RUT: '1-9' } }
****************************[DATOS DE ENTRADA]****************************
[apiVersion] : 1.0 	 [conversationID] : 50370691381 	 [authToken] :  1	 [channel] : onemarketer
 
*********************************28-04-2020 15:30:52*********************************
[FECHA] : 28-04-2020 - [HORA] : 15:30:52 - [conversationID] : 50370691381 - [Accion] : /message 
 [STATUS] : 200 - [Resultado] : 
{ context: { agent: false, callback: false, video: false },
  action: { type: 'end', queue: '' },
  messages: 
   [ { type: 'text',
       text: 'Estamos en Horario no hábil',
       mediaURL: '' } ],
  additionalInfo: { key: 'RUT', RUT: '1-9' } }
****************************[DATOS DE ENTRADA]****************************
[apiVersion] : 1.0 	 [conversationID] : 50370691381 	 [authToken] :  1	 [channel] : onemarketer
 
*********************************28-04-2020 15:53:34*********************************
[FECHA] : 28-04-2020 - [HORA] : 15:53:34 - [conversationID] : 50370691381 - [Accion] : /message 
 [STATUS] : 200 - [Resultado] : 
{ context: { agent: false, callback: false, video: false },
  action: { type: 'continue', queue: undefined },
  messages: 
   [ { type: undefined,
       text: '¡Hola! $cr Soy tu asistente virtual 🤖 de Claro $cr Te puedo ayudar con las siguientes opciones: $cr $cr ➡️ Envía *recarga* para hacer una recarga. $cr $cr ➡️ Envía *paquete* para comprar un paquete. $cr $cr ➡️ Envía *pagar* para ver el saldo, fecha de vencimiento y pagar tu factura móvil y residencial. 💳 $cr $cr ➡️ Envía *marcaciones* para conocer los pasos a seguir para los tramites a través de marcaciones 📱. $cr $cr ➡️ Envía *configuración* para conocer los pasos a seguir si tienes inconvenientes con tu navegación 📱. $cr $cr ➡️ Envía *club* para conocer los establecimientos con promociones especiales solo por ser cliente Claro. 😎 💰 $cr $cr ➡️ Envía *asesor* si aún deseas ser atendido por uno de nuestros agentes de servicio al cliente o ventas. 👩💻👨💻 $cr $cr ',
       mediaURL: undefined } ],
  additionalInfo: { key: 'RUT', RUT: '1-9' } }
****************************[DATOS DE ENTRADA]****************************
[apiVersion] : 1.0 	 [conversationID] : 50370691381 	 [authToken] :  1	 [channel] : onemarketer
 
*********************************28-04-2020 15:53:52*********************************
[FECHA] : 28-04-2020 - [HORA] : 15:53:52 - [conversationID] : 50370691381 - [Accion] : /message 
 [STATUS] : 200 - [Resultado] : 
{ context: { agent: false, callback: false, video: false },
  action: { type: 'end', queue: '' },
  messages: 
   [ { type: 'text',
       text: 'Estamos en Horario no hábil',
       mediaURL: '' } ],
  additionalInfo: { key: 'RUT', RUT: '1-9' } }
****************************[DATOS DE ENTRADA]****************************
[apiVersion] : 1.0 	 [conversationID] : 50370691381 	 [authToken] :  1	 [channel] : onemarketer
 
*********************************28-04-2020 15:54:35*********************************
[FECHA] : 28-04-2020 - [HORA] : 15:54:35 - [conversationID] : 50370691381 - [Accion] : /message 
 [STATUS] : 200 - [Resultado] : 
{ context: { agent: false, callback: false, video: false },
  action: { type: 'continue', queue: '' },
  messages: 
   [ { type: 'text',
       text: 'Recarga fácil y rápido visitando nuestro portal: https://paquetes.miclaro.com.hn/ 😎',
       mediaURL: '' } ],
  additionalInfo: { key: 'RUT', RUT: '1-9' } }
****************************[DATOS DE ENTRADA]****************************
[apiVersion] : 1.0 	 [conversationID] : 50370691381 	 [authToken] :  1	 [channel] : onemarketer
 
*********************************28-04-2020 15:55:00*********************************
[FECHA] : 28-04-2020 - [HORA] : 15:55:00 - [conversationID] : 50370691381 - [Accion] : /message 
 [STATUS] : 200 - [Resultado] : 
{ context: { agent: false, callback: false, video: false },
  action: { type: 'end', queue: '' },
  messages: 
   [ { type: 'text',
       text: 'Estamos en Horario no hábil',
       mediaURL: '' } ],
  additionalInfo: { key: 'RUT', RUT: '1-9' } }
****************************[DATOS DE ENTRADA]****************************
[apiVersion] : 1.0 	 [conversationID] : 50370691381 	 [authToken] :  1	 [channel] : onemarketer
 
*********************************28-04-2020 16:00:23*********************************
[FECHA] : 28-04-2020 - [HORA] : 16:00:23 - [conversationID] : 1234eyx328 - [Accion] : /message 
 [STATUS] : 200 - [Resultado] : 
{ context: { agent: false, callback: false, video: false },
  action: { type: 'transfer', queue: 'WhatsappTest' },
  messages: [],
  additionalInfo: { key: 'RUT', RUT: '1-9' } }
****************************[DATOS DE ENTRADA]****************************
[apiVersion] : 1.0 	 [conversationID] : 1234eyx328 	 [authToken] :  dsrdsfrxw934df	 [channel] : messenger
 
*********************************28-04-2020 16:01:25*********************************
[FECHA] : 28-04-2020 - [HORA] : 16:01:25 - [conversationID] : 50370691381 - [Accion] : /message 
 [STATUS] : 200 - [Resultado] : 
{ context: { agent: false, callback: false, video: false },
  action: { type: 'continue', queue: undefined },
  messages: 
   [ { type: undefined,
       text: '¡Hola! $cr Soy tu asistente virtual 🤖 de Claro $cr Te puedo ayudar con las siguientes opciones: $cr $cr ➡️ Envía *recarga* para hacer una recarga. $cr $cr ➡️ Envía *paquete* para comprar un paquete. $cr $cr ➡️ Envía *pagar* para ver el saldo, fecha de vencimiento y pagar tu factura móvil y residencial. 💳 $cr $cr ➡️ Envía *marcaciones* para conocer los pasos a seguir para los tramites a través de marcaciones 📱. $cr $cr ➡️ Envía *configuración* para conocer los pasos a seguir si tienes inconvenientes con tu navegación 📱. $cr $cr ➡️ Envía *club* para conocer los establecimientos con promociones especiales solo por ser cliente Claro. 😎 💰 $cr $cr ➡️ Envía *asesor* si aún deseas ser atendido por uno de nuestros agentes de servicio al cliente o ventas. 👩💻👨💻 $cr $cr ',
       mediaURL: undefined } ],
  additionalInfo: { key: 'RUT', RUT: '1-9' } }
****************************[DATOS DE ENTRADA]****************************
[apiVersion] : 1.0 	 [conversationID] : 50370691381 	 [authToken] :  1	 [channel] : onemarketer
 
*********************************28-04-2020 16:01:57*********************************
[FECHA] : 28-04-2020 - [HORA] : 16:01:57 - [conversationID] : 50370691381 - [Accion] : /message 
 [STATUS] : 200 - [Resultado] : 
{ context: { agent: false, callback: false, video: false },
  action: { type: 'transfer', queue: 'WhatsappTest' },
  messages: [],
  additionalInfo: { key: 'RUT', RUT: '1-9' } }
****************************[DATOS DE ENTRADA]****************************
[apiVersion] : 1.0 	 [conversationID] : 50370691381 	 [authToken] :  1	 [channel] : onemarketer
 
