*********************************20-04-2020 12:00:59*********************************
[FECHA] : 20-04-2020 - [HORA] : 12:00:59 - [conversationID] : 1234eyx328 - [Accion] : /message 
 [STATUS] : 200 - [Resultado] : 
{ context: { agent: false, callback: false, video: false },
  action: { type: 'transfer', queue: 'HN_Wa_Movil' },
  messages: [ { type: 'text', text: '', mediaURL: '' } ],
  additionalInfo: { key: 'RUT', RUT: '1-9' } }
****************************[DATOS DE ENTRADA]****************************
[apiVersion] : 1.0 	 [conversationID] : 1234eyx328 	 [authToken] :  dsrdsfrxw934df	 [channel] : messenger
 
*********************************20-04-2020 12:01:22*********************************
[FECHA] : 20-04-2020 - [HORA] : 12:01:22 - [conversationID] : 1234eyx328 - [Accion] : /message 
 [STATUS] : 200 - [Resultado] : 
{ context: { agent: false, callback: false, video: false },
  action: { type: 'continue', queue: '' },
  messages: 
   [ { type: 'text',
       text: 'Consulta la imagen para conocer los trámites que puedes realizar a través de marcaciones',
       mediaURL: 'http://187.210.40.89:3700/tramitesCortos.png' } ],
  additionalInfo: { key: 'RUT', RUT: '1-9' } }
****************************[DATOS DE ENTRADA]****************************
[apiVersion] : 1.0 	 [conversationID] : 1234eyx328 	 [authToken] :  dsrdsfrxw934df	 [channel] : messenger
 
*********************************20-04-2020 12:04:03*********************************
[FECHA] : 20-04-2020 - [HORA] : 12:04:03 - [conversationID] : 1234eyx328 - [Accion] : /message 
 [STATUS] : 200 - [Resultado] : 
{ context: { agent: false, callback: false, video: false },
  action: { type: 'continue', queue: '' },
  messages: 
   [ { type: 'text',
       text: 'Si eres Claro 😉 eres parte del club con beneficios y descuentos. $cr ¡Descarga la App! 👇 $cr Android: http://bit.ly/ClaroClub-Android $cr iOS: http://bit.ly/ClaroClubiOS',
       mediaURL: '' } ],
  additionalInfo: { key: 'RUT', RUT: '1-9' } }
****************************[DATOS DE ENTRADA]****************************
[apiVersion] : 1.0 	 [conversationID] : 1234eyx328 	 [authToken] :  dsrdsfrxw934df	 [channel] : messenger
 
*********************************20-04-2020 12:04:16*********************************
[FECHA] : 20-04-2020 - [HORA] : 12:04:16 - [conversationID] : 1234eyx328 - [Accion] : /message 
 [STATUS] : 200 - [Resultado] : 
{ context: { agent: false, callback: false, video: false },
  action: { type: 'continue', queue: undefined },
  messages: 
   [ { type: undefined,
       text: '¡Hola! $cr Soy tu asistente virtual 🤖 de Claro $cr Te puedo ayudar con las siguientes opciones: $cr Envía *recarga* para hacer una recarga. $cr Envía *paquete* para comprar un paquete. $cr Envía *pagar* para ver el saldo, fecha de vencimiento y pagar tu factura móvil y residencial. 💳 $cr Envía *marcaciones* para conocer los pasos a seguir para los tramites a través de marcaciones 📱. $cr Envía *configuración* para conocer los pasos a seguir si tienes inconvenientes con tu navegación 📱. $cr Envía *club* para conocer los establecimientos con promociones especiales solo por ser cliente Claro. 😎 💰 $cr Envía *asesor* si aún deseas ser atendido por uno de nuestros agentes de servicio al cliente o ventas. 👩💻👨💻 $cr ',
       mediaURL: undefined } ],
  additionalInfo: { key: 'RUT', RUT: '1-9' } }
****************************[DATOS DE ENTRADA]****************************
[apiVersion] : 1.0 	 [conversationID] : 1234eyx328 	 [authToken] :  dsrdsfrxw934df	 [channel] : messenger
 
*********************************20-04-2020 12:04:41*********************************
[FECHA] : 20-04-2020 - [HORA] : 12:04:41 - [conversationID] : 1234eyx328 - [Accion] : /message 
 [STATUS] : 200 - [Resultado] : 
{ context: { agent: false, callback: false, video: false },
  action: { type: 'continue', queue: undefined },
  messages: 
   [ { type: undefined,
       text: '¡Hola! $cr Soy tu asistente virtual 🤖 de Claro $cr Te puedo ayudar con las siguientes opciones: $cr Envía *recarga* para hacer una recarga. $cr Envía *paquete* para comprar un paquete. $cr Envía *pagar* para ver el saldo, fecha de vencimiento y pagar tu factura móvil y residencial. 💳 $cr Envía *marcaciones* para conocer los pasos a seguir para los tramites a través de marcaciones 📱. $cr Envía *configuración* para conocer los pasos a seguir si tienes inconvenientes con tu navegación 📱. $cr Envía *club* para conocer los establecimientos con promociones especiales solo por ser cliente Claro. 😎 💰 $cr Envía *asesor* si aún deseas ser atendido por uno de nuestros agentes de servicio al cliente o ventas. 👩💻👨💻 $cr ',
       mediaURL: undefined } ],
  additionalInfo: { key: 'RUT', RUT: '1-9' } }
****************************[DATOS DE ENTRADA]****************************
[apiVersion] : 1.0 	 [conversationID] : 1234eyx328 	 [authToken] :  dsrdsfrxw934df	 [channel] : messenger
 
*********************************20-04-2020 12:05:08*********************************
[FECHA] : 20-04-2020 - [HORA] : 12:05:08 - [conversationID] : 1234eyx328 - [Accion] : /message 
 [STATUS] : 200 - [Resultado] : 
{ context: { agent: false, callback: false, video: false },
  action: { type: 'continue', queue: undefined },
  messages: 
   [ { type: undefined,
       text: '¡Hola! $cr Soy tu asistente virtual 🤖 de Claro $cr Te puedo ayudar con las siguientes opciones: $cr Envía *recarga* para hacer una recarga. $cr Envía *paquete* para comprar un paquete. $cr Envía *pagar* para ver el saldo, fecha de vencimiento y pagar tu factura móvil y residencial. 💳 $cr Envía *marcaciones* para conocer los pasos a seguir para los tramites a través de marcaciones 📱. $cr Envía *configuración* para conocer los pasos a seguir si tienes inconvenientes con tu navegación 📱. $cr Envía *club* para conocer los establecimientos con promociones especiales solo por ser cliente Claro. 😎 💰 $cr Envía *asesor* si aún deseas ser atendido por uno de nuestros agentes de servicio al cliente o ventas. 👩💻👨💻 $cr ',
       mediaURL: undefined } ],
  additionalInfo: { key: 'RUT', RUT: '1-9' } }
****************************[DATOS DE ENTRADA]****************************
[apiVersion] : 1.0 	 [conversationID] : 1234eyx328 	 [authToken] :  dsrdsfrxw934df	 [channel] : messenger
 
*********************************20-04-2020 12:05:16*********************************
[FECHA] : 20-04-2020 - [HORA] : 12:05:16 - [conversationID] : 1234eyx328 - [Accion] : /message 
 [STATUS] : 200 - [Resultado] : 
{ context: { agent: false, callback: false, video: false },
  action: { type: 'continue', queue: undefined },
  messages: 
   [ { type: undefined,
       text: '¡Hola! $cr Soy tu asistente virtual 🤖 de Claro $cr Te puedo ayudar con las siguientes opciones: $cr Envía *recarga* para hacer una recarga. $cr Envía *paquete* para comprar un paquete. $cr Envía *pagar* para ver el saldo, fecha de vencimiento y pagar tu factura móvil y residencial. 💳 $cr Envía *marcaciones* para conocer los pasos a seguir para los tramites a través de marcaciones 📱. $cr Envía *configuración* para conocer los pasos a seguir si tienes inconvenientes con tu navegación 📱. $cr Envía *club* para conocer los establecimientos con promociones especiales solo por ser cliente Claro. 😎 💰 $cr Envía *asesor* si aún deseas ser atendido por uno de nuestros agentes de servicio al cliente o ventas. 👩💻👨💻 $cr ',
       mediaURL: undefined } ],
  additionalInfo: { key: 'RUT', RUT: '1-9' } }
****************************[DATOS DE ENTRADA]****************************
[apiVersion] : 1.0 	 [conversationID] : 1234eyx328 	 [authToken] :  dsrdsfrxw934df	 [channel] : messenger
 
*********************************20-04-2020 12:05:30*********************************
[FECHA] : 20-04-2020 - [HORA] : 12:05:30 - [conversationID] : 1234eyx328 - [Accion] : /message 
 [STATUS] : 200 - [Resultado] : 
{ context: { agent: false, callback: false, video: false },
  action: { type: 'continue', queue: '' },
  messages: 
   [ { type: 'image',
       text: 'Sigue los pasos detallados en la imagen, si el inconveniente persiste, favor escribe *asesor* para recibir asistencia técnica con uno de nuestros agentes.',
       mediaURL: 'http://187.210.40.89:3700/APN.png' } ],
  additionalInfo: { key: 'RUT', RUT: '1-9' } }
****************************[DATOS DE ENTRADA]****************************
[apiVersion] : 1.0 	 [conversationID] : 1234eyx328 	 [authToken] :  dsrdsfrxw934df	 [channel] : messenger
 
*********************************20-04-2020 12:05:55*********************************
*********************************20-04-2020 12:07:27*********************************
[FECHA] : 20-04-2020 - [HORA] : 12:07:27 - [conversationID] : 1234eyx328 - [Accion] : /message 
 [STATUS] : 200 - [Resultado] : 
{ context: { agent: false, callback: false, video: false },
  action: { type: 'continue', queue: '' },
  messages: 
   [ { type: 'image',
       text: 'Sigue los pasos detallados en la imagen, si el inconveniente persiste, favor escribe *asesor* para recibir asistencia técnica con uno de nuestros agentes.',
       mediaURL: 'http://187.210.40.89:3700/APN.png' } ],
  additionalInfo: { key: 'RUT', RUT: '1-9' } }
****************************[DATOS DE ENTRADA]****************************
[apiVersion] : 1.0 	 [conversationID] : 1234eyx328 	 [authToken] :  dsrdsfrxw934df	 [channel] : messenger
 
*********************************20-04-2020 12:07:34*********************************
[FECHA] : 20-04-2020 - [HORA] : 12:07:34 - [conversationID] : 1234eyx328 - [Accion] : /message 
 [STATUS] : 200 - [Resultado] : 
{ context: { agent: false, callback: false, video: false },
  action: { type: 'transfer', queue: 'HN_Wa_Movil' },
  messages: [ { type: 'text', text: '', mediaURL: '' } ],
  additionalInfo: { key: 'RUT', RUT: '1-9' } }
****************************[DATOS DE ENTRADA]****************************
[apiVersion] : 1.0 	 [conversationID] : 1234eyx328 	 [authToken] :  dsrdsfrxw934df	 [channel] : messenger
 
*********************************20-04-2020 18:13:22*********************************
[FECHA] : 20-04-2020 - [HORA] : 18:13:22 - [conversationID] : 1234eyx328 - [Accion] : /message 
 [STATUS] : 200 - [Resultado] : 
{ context: { agent: false, callback: false, video: false },
  action: { type: 'continue', queue: '' },
  messages: 
   [ { type: 'text',
       text: 'Consulta la imagen para conocer los trámites que puedes realizar a través de marcaciones',
       mediaURL: 'http://187.210.40.89:3700/tramitesCortos.png' } ],
  additionalInfo: { key: 'RUT', RUT: '1-9' } }
****************************[DATOS DE ENTRADA]****************************
[apiVersion] : 1.0 	 [conversationID] : 1234eyx328 	 [authToken] :  dsrdsfrxw934df	 [channel] : messenger
 
